[2018-06-07 13:50:58] - add_network_resource----start
[2018-06-07 13:52:23] - 添加Cisco资源---------测试通过
[2018-06-07 13:53:17] - 添加H3C资源---------测试通过
[2018-06-07 13:54:13] - 添加华为资源---------测试通过
[2018-06-07 13:54:14] - add_network_resource----end

[2018-06-07 13:54:14] - edit_network_resource----start
[2018-06-07 13:55:08] - 编辑华为资源---------测试通过
[2018-06-07 13:55:09] - edit_network_resource----end

[2018-06-07 13:55:09] - check_network_resource----start
[2018-06-07 13:55:52] - 资源名称为空---------测试通过
[2018-06-07 13:56:13] - IP为空---------测试通过
[2018-06-07 13:56:34] - 资源名称含有非法字符---------测试通过
[2018-06-07 13:56:54] - 资源名称超过64位---------测试通过
[2018-06-07 13:57:15] - IP格式不合法---------测试通过
[2018-06-07 13:57:38] - 不勾选运维协议---------测试通过
[2018-06-07 13:58:05] - 协议端口不合法---------测试通过
[2018-06-07 13:58:29] - 协议端口号为空---------测试通过
[2018-06-07 13:58:54] - 资源名称重复---------测试通过
[2018-06-07 13:59:15] - 资源IP重复---------测试通过
[2018-06-07 13:59:35] - 资源名称和IP重复---------测试通过
[2018-06-07 14:00:02] - 不填写提权口令---------测试通过
[2018-06-07 14:00:32] - 提权口令和确认口令填写不相同---------测试通过
[2018-06-07 14:00:34] - check_network_resource----end

[2018-06-07 14:00:34] - add_edit_resource_account----start
[2018-06-07 14:01:09] - 单点登录代填名称和口令h3c账号---------测试通过
[2018-06-07 14:01:34] - 单点登录不代填名称---------测试通过
[2018-06-07 14:01:55] - 单点登录不代填口令cyy账号---------测试通过
[2018-06-07 14:02:22] - 单点登录代填名称和口令ls账号---------测试通过
[2018-06-07 14:02:56] - 编辑ls账号---------测试通过
[2018-06-07 14:02:59] - add_edit_resource_account----end

[2018-06-07 14:02:59] - query_resource_account----start
[2018-06-07 14:03:18] - 查询资源账号名称为h3c---------测试通过
[2018-06-07 14:03:27] - 查询已授权的资源账号---------测试通过
[2018-06-07 14:03:36] - 查询未授权的资源账号---------测试通过
[2018-06-07 14:03:49] - 查询名称为cyy并且未授权的资源账号---------测试通过
[2018-06-07 14:03:50] - query_resource_account----end

[2018-06-07 14:03:50] - check_resource_account----start
[2018-06-07 14:04:26] - 单点登录代填用户名和密码，不填写名称---------测试通过
[2018-06-07 14:04:44] - 单点登录代填用户名和密码,不填写密码---------测试通过
[2018-06-07 14:05:03] - 单点登录代填用户名和密码,密码不一致---------测试通过
[2018-06-07 14:05:22] - 单点登录代填用户名和密码,密码不一致---------测试通过
[2018-06-07 14:05:41] - 名称重复---------测试通过
[2018-06-07 14:05:59] - 密码长度超过64位---------测试通过
[2018-06-07 14:06:18] - 名称填写中文---------测试通过
[2018-06-07 14:06:37] - 名称长度大于64位---------测试通过
[2018-06-07 14:06:39] - check_resource_account----end

[2018-06-07 14:06:39] - del_resource_account----start
[2018-06-07 14:06:58] - 删除cyy资源账号---------测试通过
[2018-06-07 14:06:59] - del_resource_account----end

[2018-06-07 14:06:59] - bulkdel_resource_account----start
[2018-06-07 14:07:10] - 全选删除所有资源账号---------测试通过
[2018-06-07 14:07:11] - bulkdel_resource_account----end

[2018-06-07 14:07:11] - query_resource----start
[2018-06-07 14:07:29] - 查询ROOT部门下所有资源---------测试通过
[2018-06-07 14:07:51] - 查询ROOT部门下及子部门下所有资源---------测试通过
[2018-06-07 14:08:02] - 查询Cisco类型所有资源---------测试通过
[2018-06-07 14:08:11] - 查询资源名称为H3C资源---------测试通过
[2018-06-07 14:08:20] - 查询资源IP为172.16.10.217---------测试通过
[2018-06-07 14:08:30] - 查询资源名称包含c---------测试通过
[2018-06-07 14:08:39] - 查询资源名称包含H3C---------测试通过
[2018-06-07 14:08:52] - 查询RedHat类型名称包含123资源---------测试通过
[2018-06-07 14:08:55] - query_resource----end

[2018-06-07 14:08:55] - del_resource----start
[2018-06-07 14:09:04] - 删除H3C资源---------测试通过
[2018-06-07 14:09:14] - 删除Cisco资源---------测试通过
[2018-06-07 14:09:23] - 删除华为资源---------测试通过
[2018-06-07 14:09:23] - del_resource----end

[2018-06-07 14:29:28] - add_windows_resource----start
[2018-06-07 14:30:49] - 添加Windows2008域控资源---------测试通过
[2018-06-07 14:31:54] - 添加Windows2008资源独立主机---------测试通过
[2018-06-07 14:32:56] - 添加Windows2008资源域内主机---------测试通过
[2018-06-07 14:33:45] - 添加Common Windows资源---------测试通过
[2018-06-07 14:33:46] - add_windows_resource----end

[2018-06-07 14:33:46] - edit_windows_resource----start
[2018-06-07 14:34:30] - 编辑window资源---------测试通过
[2018-06-07 14:34:31] - edit_windows_resource----end

[2018-06-07 14:34:31] - check_windows_resource----start
[2018-06-07 14:35:12] - 资源名称为空---------测试通过
[2018-06-07 14:35:34] - IP为空---------测试通过
[2018-06-07 14:35:56] - 资源名称含有非法字符---------测试通过
[2018-06-07 14:36:17] - 资源名称超过64位---------测试通过
[2018-06-07 14:36:39] - IP格式不合法---------测试通过
[2018-06-07 14:37:04] - 不勾选运维协议---------测试通过
[2018-06-07 14:37:32] - 协议端口不合法---------测试通过
[2018-06-07 14:37:56] - 协议端口号为空---------测试通过
[2018-06-07 14:38:21] - 资源名称重复---------测试通过
[2018-06-07 14:38:43] - 资源IP重复---------测试通过
[2018-06-07 14:39:04] - 资源名称和IP重复---------测试通过
[2018-06-07 14:39:32] - 不选择域控主机---------测试通过
[2018-06-07 14:39:57] - 主机名为空---------测试通过
[2018-06-07 14:39:58] - check_windows_resource----end

[2018-06-07 14:39:58] - add_edit_resource_account----start
[2018-06-07 14:43:04] - add_edit_resource_account----end

[2018-06-07 14:43:04] - query_resource_account----start
[2018-06-07 14:48:59] - add_windows_resource----start
[2018-06-07 14:50:20] - 添加Windows2008域控资源---------测试通过
[2018-06-07 14:51:25] - 添加Windows2008资源独立主机---------测试通过
[2018-06-07 14:52:26] - 添加Windows2008资源域内主机---------测试通过
[2018-06-07 14:53:15] - 添加Common Windows资源---------测试通过
[2018-06-07 14:53:16] - add_windows_resource----end

[2018-06-07 14:53:16] - edit_windows_resource----start
[2018-06-07 14:53:59] - 编辑window资源---------测试通过
[2018-06-07 14:54:01] - edit_windows_resource----end

[2018-06-07 14:54:01] - check_windows_resource----start
[2018-06-07 14:54:36] - 资源名称为空---------测试通过
[2018-06-07 14:54:54] - IP为空---------测试通过
[2018-06-07 14:55:13] - 资源名称含有非法字符---------测试通过
[2018-06-07 14:55:31] - 资源名称超过64位---------测试通过
[2018-06-07 14:55:50] - IP格式不合法---------测试通过
[2018-06-07 14:56:12] - 不勾选运维协议---------测试通过
[2018-06-07 14:56:36] - 协议端口不合法---------测试通过
[2018-06-07 14:56:58] - 协议端口号为空---------测试通过
[2018-06-07 14:57:20] - 资源名称重复---------测试通过
[2018-06-07 14:57:38] - 资源IP重复---------测试通过
[2018-06-07 14:57:57] - 资源名称和IP重复---------测试通过
[2018-06-07 14:58:21] - 不选择域控主机---------测试通过
[2018-06-07 14:58:43] - 主机名为空---------测试通过
[2018-06-07 14:58:47] - check_windows_resource----end

[2018-06-07 14:58:47] - add_edit_resource_account----start
[2018-06-07 15:07:30] - add_windows_resource----start
[2018-06-07 15:08:53] - 添加Windows2008域控资源---------测试通过
[2018-06-07 15:10:00] - 添加Windows2008资源独立主机---------测试通过
[2018-06-07 15:11:03] - 添加Windows2008资源域内主机---------测试通过
[2018-06-07 15:11:54] - 添加Common Windows资源---------测试通过
[2018-06-07 15:11:55] - add_windows_resource----end

[2018-06-07 15:11:55] - check_windows_resource----start
[2018-06-07 15:12:39] - 资源名称为空---------测试通过
[2018-06-07 15:13:02] - IP为空---------测试通过
[2018-06-07 15:13:26] - 资源名称含有非法字符---------测试通过
[2018-06-07 15:13:50] - 资源名称超过64位---------测试通过
[2018-06-07 15:14:13] - IP格式不合法---------测试通过
[2018-06-07 15:14:40] - 不勾选运维协议---------测试通过
[2018-06-07 15:15:10] - 协议端口不合法---------测试通过
[2018-06-07 15:15:36] - 协议端口号为空---------测试通过
[2018-06-07 15:16:09] - 资源名称重复---------测试未通过
[2018-06-07 15:16:37] - 资源IP重复---------测试未通过
[2018-06-07 15:17:06] - 资源名称和IP重复---------测试未通过
[2018-06-07 15:17:36] - 不选择域控主机---------测试通过
[2018-06-07 15:18:03] - 主机名为空---------测试通过
[2018-06-07 15:18:09] - check_windows_resource----end

[2018-06-07 15:18:09] - edit_windows_resource----start
[2018-06-07 15:19:00] - 编辑window资源---------测试未通过
[2018-06-07 15:19:01] - edit_windows_resource----end

[2018-06-07 15:19:01] - add_edit_resource_account----start
[2018-06-07 15:19:43] - 单点登录代填名称和口令administrator账号---------测试通过
[2018-06-07 15:20:07] - 单点登录不代填名称---------测试通过
[2018-06-07 15:20:28] - 单点登录不代填口令cyy账号---------测试通过
[2018-06-07 15:20:56] - 单点登录代填名称和口令ls账号---------测试通过
[2018-06-07 15:21:29] - 编辑ls账号---------测试通过
[2018-06-07 15:21:32] - add_edit_resource_account----end

[2018-06-07 15:21:32] - query_resource_account----start
[2018-06-07 15:21:51] - 查询资源账号名称为h3c---------测试通过
[2018-06-07 15:22:00] - 查询已授权的资源账号---------测试通过
[2018-06-07 15:22:09] - 查询未授权的资源账号---------测试通过
[2018-06-07 15:22:21] - 查询名称为cyy并且未授权的资源账号---------测试通过
[2018-06-07 15:22:23] - query_resource_account----end

[2018-06-07 15:22:23] - check_resource_account----start
[2018-06-07 15:22:58] - 单点登录代填用户名和密码，不填写名称---------测试通过
[2018-06-07 15:23:17] - 单点登录代填用户名和密码,不填写密码---------测试通过
[2018-06-07 15:23:36] - 单点登录代填用户名和密码,密码不一致---------测试通过
[2018-06-07 15:23:54] - 单点登录代填用户名和密码,密码不一致---------测试通过
[2018-06-07 15:24:13] - 名称重复---------测试通过
[2018-06-07 15:24:31] - 密码长度超过64位---------测试通过
[2018-06-07 15:24:50] - 名称填写中文---------测试通过
[2018-06-07 15:25:09] - 名称长度大于64位---------测试通过
[2018-06-07 15:25:11] - check_resource_account----end

[2018-06-07 15:25:11] - del_resource_account----start
[2018-06-07 15:25:30] - 删除cyy资源账号---------测试通过
[2018-06-07 15:25:31] - del_resource_account----end

[2018-06-07 15:25:31] - bulkdel_resource_account----start
[2018-06-07 15:25:42] - 全选删除所有资源账号---------测试通过
[2018-06-07 15:25:43] - bulkdel_resource_account----end

[2018-06-07 15:25:43] - query_resource----start
[2018-06-07 15:26:01] - 查询ROOT部门下所有资源---------测试通过
[2018-06-07 15:26:23] - 查询ROOT部门下及子部门下所有资源---------测试通过
[2018-06-07 15:26:34] - 查询Windows Server 2008类型所有资源---------测试通过
[2018-06-07 15:26:43] - 查询资源名称为Windows2008域控资源---------测试通过
[2018-06-07 15:26:52] - 查询资源IP为172.16.10.225---------测试通过
[2018-06-07 15:27:01] - 查询资源名称包含"独立"---------测试通过
[2018-06-07 15:27:10] - 查询资源名称包含"域内"---------测试通过
[2018-06-07 15:27:23] - 查询Windows资源类型名称包含common资源---------测试通过
[2018-06-07 15:27:26] - query_resource----end

[2018-06-07 15:27:26] - del_resource----start
[2018-06-07 15:27:35] - 删除独立主机资源---------测试通过
[2018-06-07 15:27:45] - 删除域内主机资源---------测试通过
[2018-06-07 15:27:55] - 删除域控资源---------测试通过
[2018-06-07 15:28:04] - 删除windows资源---------测试通过
[2018-06-07 15:28:04] - del_resource----end

[2018-06-07 15:39:08] - add_windows_resource----start
[2018-06-07 15:40:30] - 添加Windows2008域控资源---------测试通过
[2018-06-07 15:41:37] - 添加Windows2008资源独立主机---------测试通过
[2018-06-07 15:42:41] - 添加Windows2008资源域内主机---------测试通过
[2018-06-07 15:43:36] - 添加Common Windows资源---------测试未通过
[2018-06-07 15:43:38] - add_windows_resource----end

[2018-06-07 15:43:38] - check_windows_resource----start
[2018-06-07 15:44:21] - 资源名称为空---------测试通过
[2018-06-07 15:44:45] - IP为空---------测试通过
[2018-06-07 15:45:09] - 资源名称含有非法字符---------测试通过
[2018-06-07 15:45:32] - 资源名称超过64位---------测试通过
[2018-06-07 15:45:56] - IP格式不合法---------测试通过
[2018-06-07 15:46:23] - 不勾选运维协议---------测试通过
[2018-06-07 15:46:53] - 协议端口不合法---------测试通过
[2018-06-07 15:47:20] - 协议端口号为空---------测试通过
[2018-06-07 15:47:47] - 资源名称重复---------测试通过
[2018-06-07 15:48:16] - 资源IP重复---------测试未通过
[2018-06-07 15:48:44] - 资源名称和IP重复---------测试未通过
[2018-06-07 16:44:13] - add_windows_resource----start
[2018-06-07 16:45:36] - 添加Windows2008域控资源---------测试通过
[2018-06-07 16:46:43] - 添加Windows2008资源独立主机---------测试通过
[2018-06-07 16:47:46] - 添加Windows2008资源域内主机---------测试通过
[2018-06-07 16:48:37] - 添加Common Windows资源---------测试通过
[2018-06-07 16:48:38] - add_windows_resource----end

[2018-06-07 16:48:38] - check_windows_resource----start
[2018-06-07 16:49:21] - 资源名称为空---------测试通过
[2018-06-07 16:49:45] - IP为空---------测试通过
[2018-06-07 16:50:09] - 资源名称含有非法字符---------测试通过
[2018-06-07 16:50:33] - 资源名称超过64位---------测试通过
[2018-06-07 16:50:56] - IP格式不合法---------测试通过
[2018-06-07 16:51:23] - 不勾选运维协议---------测试通过
[2018-06-07 16:51:53] - 协议端口不合法---------测试通过
[2018-06-07 16:52:20] - 协议端口号为空---------测试通过
[2018-06-07 16:52:47] - 资源名称重复---------测试通过
[2018-06-07 16:53:11] - 资源IP重复---------测试通过
[2018-06-07 16:53:34] - 资源名称和IP重复---------测试通过
[2018-06-07 16:54:04] - 不选择域控主机---------测试通过
[2018-06-07 16:54:31] - 主机名为空---------测试通过
[2018-06-07 16:54:37] - check_windows_resource----end

[2018-06-07 16:54:37] - edit_windows_resource----start
[2018-06-07 16:55:23] - 编辑window资源---------测试通过
[2018-06-07 16:55:24] - edit_windows_resource----end

[2018-06-07 16:55:24] - add_edit_resource_account----start
[2018-06-07 16:56:06] - 单点登录代填名称和口令administrator账号---------测试通过
[2018-06-07 16:56:30] - 单点登录不代填名称---------测试通过
[2018-06-07 16:56:51] - 单点登录不代填口令cyy账号---------测试通过
[2018-06-07 16:57:19] - 单点登录代填名称和口令ls账号---------测试通过
[2018-06-07 16:57:52] - 编辑ls账号---------测试通过
[2018-06-07 16:57:55] - add_edit_resource_account----end

[2018-06-07 16:57:55] - query_resource_account----start
[2018-06-07 16:58:14] - 查询资源账号名称为h3c---------测试通过
[2018-06-07 16:58:23] - 查询已授权的资源账号---------测试通过
[2018-06-07 16:58:32] - 查询未授权的资源账号---------测试通过
[2018-06-07 16:58:45] - 查询名称为cyy并且未授权的资源账号---------测试通过
[2018-06-07 16:58:46] - query_resource_account----end

[2018-06-07 16:58:46] - check_resource_account----start
[2018-06-07 16:59:21] - 单点登录代填用户名和密码，不填写名称---------测试通过
[2018-06-07 16:59:40] - 单点登录代填用户名和密码,不填写密码---------测试通过
[2018-06-07 16:59:58] - 单点登录代填用户名和密码,密码不一致---------测试通过
[2018-06-07 17:00:17] - 单点登录代填用户名和密码,密码不一致---------测试通过
[2018-06-07 17:00:36] - 名称重复---------测试通过
[2018-06-07 17:00:54] - 密码长度超过64位---------测试通过
[2018-06-07 17:01:13] - 名称填写中文---------测试通过
[2018-06-07 17:01:32] - 名称长度大于64位---------测试通过
[2018-06-07 17:01:34] - check_resource_account----end

[2018-06-07 17:01:34] - del_resource_account----start
[2018-06-07 17:01:53] - 删除cyy资源账号---------测试通过
[2018-06-07 17:01:54] - del_resource_account----end

[2018-06-07 17:01:54] - bulkdel_resource_account----start
[2018-06-07 17:02:05] - 全选删除所有资源账号---------测试通过
[2018-06-07 17:02:06] - bulkdel_resource_account----end

[2018-06-07 17:02:06] - query_resource----start
[2018-06-07 17:02:24] - 查询ROOT部门下所有资源---------测试通过
[2018-06-07 17:02:46] - 查询ROOT部门下及子部门下所有资源---------测试通过
[2018-06-07 17:02:56] - 查询Windows Server 2008类型所有资源---------测试通过
[2018-06-07 17:03:06] - 查询资源名称为Windows2008域控资源---------测试通过
[2018-06-07 17:03:15] - 查询资源IP为172.16.10.225---------测试通过
[2018-06-07 17:03:24] - 查询资源名称包含"独立"---------测试通过
[2018-06-07 17:03:33] - 查询资源名称包含"域内"---------测试通过
[2018-06-07 17:03:46] - 查询Windows资源类型名称包含common资源---------测试通过
[2018-06-07 17:03:49] - query_resource----end

[2018-06-07 17:03:49] - del_resource----start
[2018-06-07 17:03:58] - 删除独立主机资源---------测试通过
[2018-06-07 17:04:08] - 删除域内主机资源---------测试通过
[2018-06-07 17:04:17] - 删除域控资源---------测试通过
[2018-06-07 17:04:27] - 删除windows资源---------测试通过
[2018-06-07 17:04:27] - del_resource----end

[2018-06-07 17:12:37] - add_database_resource----start
[2018-06-07 17:13:33] - 添加mysql资源---------测试通过
[2018-06-07 17:14:43] - 添加oracle9i---------测试通过
[2018-06-07 17:15:53] - 添加oracle10g---------测试通过
[2018-06-07 17:17:02] - 添加oracle11g---------测试通过
[2018-06-07 17:18:12] - 添加sqlserver2000---------测试通过
[2018-06-07 17:19:22] - 添加sqlserver2005---------测试通过
[2018-06-08 09:38:43] - AddOptReport_001----start
[2018-06-08 09:39:07] - 添加包含用户组资源组检索条件的运维审计模板---------测试通过
[2018-06-08 09:39:22] - 添加不包含检索条件运维审计报表---------测试通过
[2018-06-08 09:39:37] - 添加包含用户账号资源账号检索条件的运维审计报表---------测试通过
[2018-06-08 09:39:52] - 绑定计划模板的运维审计报表---------测试通过
[2018-06-08 09:39:52] - AddOptReport_001----end

[2018-06-08 09:39:52] - OptReportCheck_002----start
[2018-06-08 09:40:01] - 运维报表表单名称为空的校验---------测试通过
[2018-06-08 09:40:05] - 运维报表不勾选字段的校验---------测试通过
[2018-06-08 09:40:09] - 运维报表名称重复的校验---------测试通过
[2018-06-08 09:40:09] - OptReportCheck_002----end

[2018-06-08 09:40:09] - AddPlanReport_003----start
[2018-06-08 09:40:25] - 添加计划模板---------测试通过
[2018-06-08 09:40:33] - 修改计划模板---------测试通过
[2018-06-08 09:40:37] - AddPlanReport_003----end

[2018-06-08 09:40:37] - OptReportDel_004----start
[2018-06-08 09:40:44] - 不选择报表删除校验---------测试通过
[2018-06-08 09:40:48] - 删除test运维报表---------测试通过
[2018-06-08 09:40:51] - 删除用户组资源组报表---------测试通过
[2018-06-08 09:40:54] - 删除运维检索条件报表---------测试通过
[2018-06-08 09:40:58] - 删除用户资源账号报表---------测试通过
[2018-06-08 09:40:58] - OptReportDel_004----end

[2018-06-08 09:48:07] - AddConfReport_001----start
[2018-06-08 09:48:17] - 添加不包含用户组的配置审计模板---------测试通过
[2018-06-08 09:48:26] - 添加包含检索条件的配置审计报表---------测试通过
[2018-06-08 09:48:35] - 添加包含用户组的配置审计报表---------测试通过
[2018-06-08 09:48:35] - AddConfReport_001----end

[2018-06-08 09:48:35] - ConfReportCheck_002----start
[2018-06-08 09:48:39] - 配置报表表单名称为空的校验---------测试通过
[2018-06-08 09:48:43] - 配置报表不勾选字段的校验---------测试通过
[2018-06-08 09:48:48] - 配置报表名称重复的校验---------测试通过
[2018-06-08 09:48:48] - ConfReportCheck_002----end

[2018-06-08 09:48:48] - ConfReportDel_004----start
[2018-06-08 09:48:55] - 不选择报表删除校验---------测试通过
[2018-06-08 09:49:03] - 删除用户组配置报表---------测试通过
[2018-06-08 09:49:10] - 删除userReport报表---------测试通过
[2018-06-08 09:49:18] - 删除userCondition报表---------测试通过
[2018-06-08 09:49:18] - ConfReportDel_004----end

[2018-06-08 10:05:53] - add_database_resource----start
[2018-06-08 10:06:49] - 添加mysql资源---------测试通过
[2018-06-08 10:07:59] - 添加oracle9i---------测试通过
[2018-06-08 10:09:08] - 添加oracle10g---------测试通过
[2018-06-08 10:10:18] - 添加oracle11g---------测试通过
[2018-06-08 10:11:28] - 添加sqlserver2000---------测试通过
[2018-06-08 10:12:37] - 添加sqlserver2005---------测试通过
[2018-06-08 10:13:47] - 添加sqlserver2008---------测试通过
[2018-06-08 10:14:37] - 添加DB2资源---------测试通过
[2018-06-08 10:15:23] - 添加BS资源---------测试通过
[2018-06-08 10:15:26] - add_database_resource----end

[2018-06-08 10:15:26] - edit_database_resource----start
[2018-06-08 10:16:10] - 编辑mysql资源---------测试通过
[2018-06-08 10:16:55] - 编辑oracle10g---------测试通过
[2018-06-08 10:16:56] - edit_database_resource----end

[2018-06-08 10:16:56] - check_database_resource----start
[2018-06-08 10:17:44] - 资源名称为空---------测试通过
[2018-06-08 10:18:06] - IP为空---------测试通过
[2018-06-08 10:18:27] - 资源名称含有非法字符---------测试通过
[2018-06-08 10:18:49] - 资源名称超过32位---------测试通过
[2018-06-08 10:19:11] - IP格式不合法---------测试通过
[2018-06-08 10:19:33] - 不选择应用发布---------测试通过
[2018-06-08 10:19:55] - 库名为空---------测试通过
[2018-06-08 10:20:17] - 不勾选运维协议---------测试通过
[2018-06-08 10:20:38] - 资源名称重复的校验---------测试通过
[2018-06-08 10:21:00] - 资源ip和库名重复的校验---------测试通过
[2018-06-08 10:21:07] - check_database_resource----end

[2018-06-08 10:21:07] - add_edit_resource_account----start
